c:\users\jose\desktop\tpv_p3-4\project1\debug\vc140.pdb
c:\users\jose\desktop\tpv_p3-4\project1\debug\vc140.idb
c:\users\jose\desktop\tpv_p3-4\project1\debug\boton.obj
c:\users\jose\desktop\tpv_p3-4\project1\debug\estadopg.obj
c:\users\jose\desktop\tpv_p3-4\project1\debug\gameover.obj
c:\users\jose\desktop\tpv_p3-4\project1\debug\globoa.obj
c:\users\jose\desktop\tpv_p3-4\project1\debug\globospg.obj
c:\users\jose\desktop\tpv_p3-4\project1\debug\juegopg.obj
c:\users\jose\desktop\tpv_p3-4\project1\debug\mainp1.obj
c:\users\jose\desktop\tpv_p3-4\project1\debug\mariposa.obj
c:\users\jose\desktop\tpv_p3-4\project1\debug\menupg.obj
c:\users\jose\desktop\tpv_p3-4\project1\debug\objetopg.obj
c:\users\jose\desktop\tpv_p3-4\project1\debug\pausa.obj
c:\users\jose\desktop\tpv_p3-4\project1\debug\playpg.obj
c:\users\jose\desktop\tpv_p3-4\project1\debug\premio.obj
c:\users\jose\desktop\tpv_p3-4\project1\debug\texturassdl.obj
c:\users\jose\desktop\tpv_p3-4\project1\debug\vago.obj
c:\users\jose\desktop\tpv_p3-4\bin\globos_tpvdebug.ilk
c:\users\jose\desktop\tpv_p3-4\bin\globos_tpvdebug.exe
c:\users\jose\desktop\tpv_p3-4\bin\globos_tpvdebug.pdb
c:\users\jose\desktop\tpv_p3-4\project1\debug\error.obj
c:\users\jose\desktop\tpv_p3-4\project1\debug\globos_tpv.tlog\cl.command.1.tlog
c:\users\jose\desktop\tpv_p3-4\project1\debug\globos_tpv.tlog\cl.read.1.tlog
c:\users\jose\desktop\tpv_p3-4\project1\debug\globos_tpv.tlog\cl.write.1.tlog
c:\users\jose\desktop\tpv_p3-4\project1\debug\globos_tpv.tlog\link.command.1.tlog
c:\users\jose\desktop\tpv_p3-4\project1\debug\globos_tpv.tlog\link.read.1.tlog
c:\users\jose\desktop\tpv_p3-4\project1\debug\globos_tpv.tlog\link.write.1.tlog
